# JRE version: OpenJDK Runtime Environment (11.0.12+7) (build 11.0.12+7-b1504.28-7817840)
# Java VM: OpenJDK 64-Bit Server VM (11.0.12+7-b1504.28-7817840, mixed mode, tiered, compressed oops, g1 gc, windows-amd64)
Heap:
 garbage-first heap   total 352256K, used 222387K [0x00000000a0000000, 0x0000000100000000)
  region size 1024K, 20 young (20480K), 13 survivors (13312K)
 Metaspace       used 139594K, capacity 144370K, committed 144588K, reserved 1175552K
  class space    used 17546K, capacity 19303K, committed 19404K, reserved 1048576K
GC Heap History (20 events):
Event: 4001.964 GC heap before
{Heap before GC invocations=51 (full 0):
 garbage-first heap   total 784384K, used 184973K [0x00000000a0000000, 0x0000000100000000)
  region size 1024K, 38 young (38912K), 22 survivors (22528K)
 Metaspace       used 137286K, capacity 141433K, committed 141900K, reserved 1171456K
  class space    used 17319K, capacity 18888K, committed 19020K, reserved 1048576K
}
Event: 4001.970 GC heap after
{Heap after GC invocations=52 (full 0):
 garbage-first heap   total 784384K, used 147223K [0x00000000a0000000, 0x0000000100000000)
  region size 1024K, 5 young (5120K), 5 survivors (5120K)
 Metaspace       used 137286K, capacity 141433K, committed 141900K, reserved 1171456K
  class space    used 17319K, capacity 18888K, committed 19020K, reserved 1048576K
}
Event: 4008.943 GC heap before
{Heap before GC invocations=52 (full 0):
 garbage-first heap   total 784384K, used 267031K [0x00000000a0000000, 0x0000000100000000)
  region size 1024K, 124 young (126976K), 5 survivors (5120K)
 Metaspace       used 137565K, capacity 141776K, committed 142156K, reserved 1173504K
  class space    used 17321K, capacity 18891K, committed 19020K, reserved 1048576K
}
Event: 4008.967 GC heap after
{Heap after GC invocations=53 (full 0):
 garbage-first heap   total 784384K, used 155863K [0x00000000a0000000, 0x0000000100000000)
  region size 1024K, 13 young (13312K), 13 survivors (13312K)
 Metaspace       used 137565K, capacity 141776K, committed 142156K, reserved 1173504K
  class space    used 17321K, capacity 18891K, committed 19020K, reserved 1048576K
}
Event: 4067.267 GC heap before
{Heap before GC invocations=54 (full 0):
 garbage-first heap   total 874496K, used 872663K [0x00000000a0000000, 0x0000000100000000)
  region size 1024K, 269 young (275456K), 13 survivors (13312K)
 Metaspace       used 138342K, capacity 142739K, committed 143052K, reserved 1173504K
  class space    used 17396K, capacity 19030K, committed 19148K, reserved 1048576K
}
Event: 4067.283 GC heap after
{Heap after GC invocations=55 (full 0):
 garbage-first heap   total 893952K, used 261980K [0x00000000a0000000, 0x0000000100000000)
  region size 1024K, 19 young (19456K), 19 survivors (19456K)
 Metaspace       used 138342K, capacity 142739K, committed 143052K, reserved 1173504K
  class space    used 17396K, capacity 19030K, committed 19148K, reserved 1048576K
}
Event: 4067.342 GC heap before
{Heap before GC invocations=55 (full 0):
 garbage-first heap   total 893952K, used 287580K [0x00000000a0000000, 0x0000000100000000)
  region size 1024K, 44 young (45056K), 19 survivors (19456K)
 Metaspace       used 138352K, capacity 142740K, committed 143052K, reserved 1173504K
  class space    used 17396K, capacity 19030K, committed 19148K, reserved 1048576K
}
Event: 4067.356 GC heap after
{Heap after GC invocations=56 (full 0):
 garbage-first heap   total 893952K, used 265928K [0x00000000a0000000, 0x0000000100000000)
  region size 1024K, 6 young (6144K), 6 survivors (6144K)
 Metaspace       used 138352K, capacity 142740K, committed 143052K, reserved 1173504K
  class space    used 17396K, capacity 19030K, committed 19148K, reserved 1048576K
}
Event: 4067.404 GC heap before
{Heap before GC invocations=56 (full 0):
 garbage-first heap   total 893952K, used 281288K [0x00000000a0000000, 0x0000000100000000)
  region size 1024K, 23 young (23552K), 6 survivors (6144K)
 Metaspace       used 138360K, capacity 142742K, committed 143052K, reserved 1173504K
  class space    used 17396K, capacity 19030K, committed 19148K, reserved 1048576K
}
Event: 4067.414 GC heap after
{Heap after GC invocations=57 (full 0):
 garbage-first heap   total 893952K, used 263712K [0x00000000a0000000, 0x0000000100000000)
  region size 1024K, 6 young (6144K), 6 survivors (6144K)
 Metaspace       used 138360K, capacity 142742K, committed 143052K, reserved 1173504K
  class space    used 17396K, capacity 19030K, committed 19148K, reserved 1048576K
}
Event: 4068.220 GC heap before
{Heap before GC invocations=58 (full 0):
 garbage-first heap   total 893952K, used 307744K [0x00000000a0000000, 0x0000000100000000)
  region size 1024K, 54 young (55296K), 6 survivors (6144K)
 Metaspace       used 138402K, capacity 142752K, committed 143052K, reserved 1173504K
  class space    used 17397K, capacity 19032K, committed 19148K, reserved 1048576K
}
Event: 4068.224 GC heap after
{Heap after GC invocations=59 (full 0):
 garbage-first heap   total 893952K, used 252553K [0x00000000a0000000, 0x0000000100000000)
  region size 1024K, 5 young (5120K), 5 survivors (5120K)
 Metaspace       used 138402K, capacity 142752K, committed 143052K, reserved 1173504K
  class space    used 17397K, capacity 19032K, committed 19148K, reserved 1048576K
}
Event: 4070.546 GC heap before
{Heap before GC invocations=60 (full 0):
 garbage-first heap   total 893952K, used 421513K [0x00000000a0000000, 0x0000000100000000)
  region size 1024K, 22 young (22528K), 5 survivors (5120K)
 Metaspace       used 138406K, capacity 142758K, committed 143052K, reserved 1173504K
  class space    used 17398K, capacity 19033K, committed 19148K, reserved 1048576K
}
Event: 4070.549 GC heap after
{Heap after GC invocations=61 (full 0):
 garbage-first heap   total 893952K, used 258248K [0x00000000a0000000, 0x0000000100000000)
  region size 1024K, 2 young (2048K), 2 survivors (2048K)
 Metaspace       used 138406K, capacity 142758K, committed 143052K, reserved 1173504K
  class space    used 17398K, capacity 19033K, committed 19148K, reserved 1048576K
}
Event: 4460.791 GC heap before
{Heap before GC invocations=62 (full 0):
 garbage-first heap   total 893952K, used 533704K [0x00000000a0000000, 0x0000000100000000)
  region size 1024K, 141 young (144384K), 2 survivors (2048K)
 Metaspace       used 138654K, capacity 143029K, committed 143308K, reserved 1173504K
  class space    used 17399K, capacity 19034K, committed 19148K, reserved 1048576K
}
Event: 4460.816 GC heap after
{Heap after GC invocations=63 (full 0):
 garbage-first heap   total 893952K, used 170973K [0x00000000a0000000, 0x0000000100000000)
  region size 1024K, 14 young (14336K), 14 survivors (14336K)
 Metaspace       used 138654K, capacity 143029K, committed 143308K, reserved 1173504K
  class space    used 17399K, capacity 19034K, committed 19148K, reserved 1048576K
}
Event: 8060.821 GC heap before
{Heap before GC invocations=64 (full 0):
 garbage-first heap   total 893952K, used 398301K [0x00000000a0000000, 0x0000000100000000)
  region size 1024K, 136 young (139264K), 14 survivors (14336K)
 Metaspace       used 138626K, capacity 142959K, committed 143308K, reserved 1173504K
  class space    used 17378K, capacity 18993K, committed 19148K, reserved 1048576K
}
Event: 8061.033 GC heap after
{Heap after GC invocations=65 (full 1):
 garbage-first heap   total 352256K, used 99507K [0x00000000a0000000, 0x0000000100000000)
  region size 1024K, 0 young (0K), 0 survivors (0K)
 Metaspace       used 138626K, capacity 142959K, committed 143308K, reserved 1173504K
  class space    used 17378K, capacity 18993K, committed 19148K, reserved 1048576K
}
Event: 10143.391 GC heap before
{Heap before GC invocations=65 (full 1):
 garbage-first heap   total 352256K, used 255155K [0x00000000a0000000, 0x0000000100000000)
  region size 1024K, 153 young (156672K), 0 survivors (0K)
 Metaspace       used 139541K, capacity 144297K, committed 144588K, reserved 1175552K
  class space    used 17535K, capacity 19283K, committed 19404K, reserved 1048576K
}
Event: 10143.405 GC heap after
{Heap after GC invocations=66 (full 1):
 garbage-first heap   total 352256K, used 112819K [0x00000000a0000000, 0x0000000100000000)
  region size 1024K, 13 young (13312K), 13 survivors (13312K)
 Metaspace       used 139541K, capacity 144297K, committed 144588K, reserved 1175552K
  class space    used 17535K, capacity 19283K, committed 19404K, reserved 1048576K
}

